[2024-10-09T14:39:03.194Z] Error sending email to: asbarasman1996@gmail.com
Error: Command failed

[2024-10-09T14:44:16.305Z] Error sending email to: dwiefajar2000@gmail.com
Error: Command failed

[2024-10-09T14:46:49.387Z] Error sending email to: fififarawansyah20@gmail.com
Error: Command failed

[2024-10-09T14:54:00.361Z] Error sending email to: virdayantiamalia@gmail.com
Error: Command failed

[2024-10-09T14:59:50.801Z] Error sending email to: aldotarro80@gmail.com
Error: Message failed: 554 5.7.1 admin@kartjis.id is on MailChannels Blocklist

[2024-10-09T15:04:10.197Z] Error sending email to: trifadilamaharani27@gmail.com
Error: Message failed: 554 5.7.1 admin@kartjis.id is on MailChannels Blocklist

[2024-10-09T15:06:52.888Z] Error sending email to: aisyaharini253@gmail.com
Error: Message failed: 554 5.7.1 admin@kartjis.id is on MailChannels Blocklist

[2024-10-09T15:10:46.081Z] Error sending email to: aisyaharini253@gmail.com
Error: Message failed: 554 5.7.1 admin@kartjis.id is on MailChannels Blocklist

[2024-10-09T15:14:17.653Z] Error sending email to: anafelaputri08@gmail.com
Error: Message failed: 554 5.7.1 admin@kartjis.id is on MailChannels Blocklist

[2024-10-09T15:17:57.089Z] Error sending email to: sabrinaakmaliaa@gmail.com
Error: Message failed: 554 5.7.1 admin@kartjis.id is on MailChannels Blocklist

[2024-10-09T15:17:57.172Z] Error sending email to: sabrinaakmaliaa@gmail.com
Error: Message failed: 554 5.7.1 admin@kartjis.id is on MailChannels Blocklist

[2024-10-09T15:18:21.888Z] Error sending email to: marriaquenni@gmail.com
Error: Message failed: 554 5.7.1 admin@kartjis.id is on MailChannels Blocklist

[2024-10-09T15:18:21.962Z] Error sending email to: fransiscopiris13@gmail.com
Error: Message failed: 554 5.7.1 admin@kartjis.id is on MailChannels Blocklist

[2024-10-09T15:18:21.997Z] Error sending email to: mariakayla2021@gmail.com
Error: Message failed: 554 5.7.1 admin@kartjis.id is on MailChannels Blocklist

[2024-10-09T15:21:22.655Z] Error sending email to: kamirahsukmadani2@gmail.com
Error: Message failed: 554 5.7.1 admin@kartjis.id is on MailChannels Blocklist

[2024-10-09T15:21:22.950Z] Error sending email to: kamirahsukmadani2@gmail.com
Error: Message failed: 554 5.7.1 admin@kartjis.id is on MailChannels Blocklist

[2024-10-09T15:21:23.661Z] Error sending email to: kamirahsukmadani2@gmail.com
Error: Message failed: 554 5.7.1 admin@kartjis.id is on MailChannels Blocklist

[2024-10-09T15:23:42.633Z] Error sending email to: nadia.srykandi28@gmail.com
Error: Message failed: 554 5.7.1 admin@kartjis.id is on MailChannels Blocklist

[2024-10-09T15:23:42.728Z] Error sending email to: nadia.srykandi28@gmail.com
Error: Message failed: 554 5.7.1 admin@kartjis.id is on MailChannels Blocklist

[2024-10-09T15:25:49.752Z] Error sending email to: hanaakamilahh024@gmail.com
Error: Message failed: 554 5.7.1 admin@kartjis.id is on MailChannels Blocklist

[2024-10-09T15:25:49.828Z] Error sending email to: hanaakamilahh024@gmail.com
Error: Message failed: 554 5.7.1 admin@kartjis.id is on MailChannels Blocklist

[2024-10-09T15:31:12.007Z] Error sending email to: srikandikaputri@gmail.com
Error: Message failed: 554 5.7.1 admin@kartjis.id is on MailChannels Blocklist

[2024-10-09T15:31:12.087Z] Error sending email to: srikandikaputri@gmail.com
Error: Message failed: 554 5.7.1 admin@kartjis.id is on MailChannels Blocklist

[2024-10-09T15:31:12.476Z] Error sending email to: srikandikaputri@gmail.com
Error: Message failed: 554 5.7.1 admin@kartjis.id is on MailChannels Blocklist

[2024-10-09T15:31:12.481Z] Error sending email to: srikandikaputri@gmail.com
Error: Message failed: 554 5.7.1 admin@kartjis.id is on MailChannels Blocklist

[2024-10-09T15:31:12.501Z] Error sending email to: srikandikaputri@gmail.com
Error: Message failed: 554 5.7.1 admin@kartjis.id is on MailChannels Blocklist

[2024-10-09T15:33:13.444Z] Error sending email to: srikandikaputri@gmail.com
Error: Message failed: 554 5.7.1 admin@kartjis.id is on MailChannels Blocklist

[2024-10-09T15:33:13.471Z] Error sending email to: srikandikaputri@gmail.com
Error: Message failed: 554 5.7.1 admin@kartjis.id is on MailChannels Blocklist

[2024-10-09T15:33:13.909Z] Error sending email to: srikandikaputri@gmail.com
Error: Message failed: 554 5.7.1 admin@kartjis.id is on MailChannels Blocklist

[2024-10-09T15:33:14.398Z] Error sending email to: srikandikaputri@gmail.com
Error: Message failed: 554 5.7.1 admin@kartjis.id is on MailChannels Blocklist

[2024-10-09T15:36:46.276Z] Error sending email to: chexmuhammad@gmail.com
Error: Message failed: 554 5.7.1 admin@kartjis.id is on MailChannels Blocklist

[2024-10-09T15:36:46.510Z] Error sending email to: chexmuhammad@gmail.com
Error: Message failed: 554 5.7.1 admin@kartjis.id is on MailChannels Blocklist

[2024-10-09T15:36:46.532Z] Error sending email to: chexmuhammad@gmail.com
Error: Message failed: 554 5.7.1 admin@kartjis.id is on MailChannels Blocklist

[2024-10-09T23:08:00.060Z] Error sending email to: ayuarselya093@gmail.com
Error: Message failed: 554 5.7.1 Disabled by user from hPanel

[2024-10-09T23:09:27.825Z] Error sending email to: nurfdla03@gmail.com
Error: Message failed: 554 5.7.1 Disabled by user from hPanel

[2024-10-09T23:10:48.222Z] Error sending email to: jihanfadilla36@gmail.com
Error: Message failed: 554 5.7.1 Disabled by user from hPanel

[2024-10-09T23:12:06.150Z] Error sending email to: edwardkristandi25@gmail.com
Error: Message failed: 554 5.7.1 Disabled by user from hPanel

[2024-10-09T23:39:06.303Z] Error sending email to: vickrymoh922@gmail.com
Error: Message failed: 554 5.7.1 Disabled by user from hPanel

[2024-10-09T23:39:06.342Z] Error sending email to: vickrymoh922@gmail.com
Error: Message failed: 554 5.7.1 Disabled by user from hPanel

[2024-10-09T23:39:06.429Z] Error sending email to: vickrymoh922@gmail.com
Error: Message failed: 554 5.7.1 Disabled by user from hPanel

[2024-10-09T23:39:06.485Z] Error sending email to: vickrymoh922@gmail.com
Error: Message failed: 554 5.7.1 Disabled by user from hPanel

[2024-10-09T23:42:01.925Z] Error sending email to: enalz5465@gmail.com
Error: Message failed: 554 5.7.1 Disabled by user from hPanel

[2024-10-09T23:45:30.386Z] Error sending email to: treksipubgm@gmail.com
Error: Message failed: 554 5.7.1 Disabled by user from hPanel

[2024-10-09T23:47:21.161Z] Error sending email to: deadalethaa@gmail.com
Error: Message failed: 554 5.7.1 Disabled by user from hPanel

[2024-10-09T23:47:21.297Z] Error sending email to: deadalethaa@gmail.com
Error: Message failed: 554 5.7.1 Disabled by user from hPanel

[2024-10-09T23:48:17.332Z] Error sending email to: korinurfadilah26@gmail.com
Error: Message failed: 554 5.7.1 Disabled by user from hPanel

[2024-10-09T23:50:52.743Z] Error sending email to: tiwitripra055@gmail.com
Error: Message failed: 554 5.7.1 Disabled by user from hPanel

[2024-10-09T23:51:38.920Z] Error sending email to: Deasyhandayani5@gmail.com
Error: Message failed: 554 5.7.1 Disabled by user from hPanel

[2024-10-09T23:52:30.539Z] Error sending email to: chindachopper@gmail.com
Error: Message failed: 554 5.7.1 Disabled by user from hPanel

[2024-10-09T23:54:12.199Z] Error sending email to: silviaposawa98@gmail.com
Error: Message failed: 554 5.7.1 Disabled by user from hPanel

[2024-10-09T23:56:34.121Z] Error sending email to: muhihsanfatwa@gmail.com
Error: Message failed: 554 5.7.1 Disabled by user from hPanel

[2024-10-09T23:58:16.917Z] Error sending email to: clposawa@gmail.com
Error: Message failed: 554 5.7.1 Disabled by user from hPanel

[2024-10-09T23:59:28.284Z] Error sending email to: Debyayualisya@gmail.com
Error: Message failed: 554 5.7.1 Disabled by user from hPanel

[2024-10-10T00:09:16.239Z] Error sending email to: lumakoadelia@gmail.com
Error: Message failed: 554 5.7.1 Disabled by user from hPanel

[2024-10-10T00:11:10.113Z] Error sending email to: apriantiadwan@gmail.com
Error: Message failed: 554 5.7.1 Disabled by user from hPanel

[2024-10-10T00:11:10.571Z] Error sending email to: apriantiadwan@gmail.com
Error: Message failed: 554 5.7.1 Disabled by user from hPanel

[2024-10-10T00:13:11.439Z] Error sending email to: fadhilah31123@gmail.com
Error: Message failed: 554 5.7.1 Disabled by user from hPanel

[2024-10-10T00:13:11.895Z] Error sending email to: fadhilah31123@gmail.com
Error: Message failed: 554 5.7.1 Disabled by user from hPanel

[2024-10-10T00:14:30.208Z] Error sending email to: nurfadillasalsabila18@gmail.com
Error: Message failed: 554 5.7.1 Disabled by user from hPanel

[2024-10-10T00:14:30.285Z] Error sending email to: nurfadillasalsabila18@gmail.com
Error: Message failed: 554 5.7.1 Disabled by user from hPanel

[2024-10-10T00:16:58.792Z] Error sending email to: alifahfauziahhhhh@gmail.com
Error: Message failed: 554 5.7.1 Disabled by user from hPanel

[2024-10-10T00:16:58.879Z] Error sending email to: alifahfauziahhhhh@gmail.com
Error: Message failed: 554 5.7.1 Disabled by user from hPanel

[2024-10-10T00:16:59.342Z] Error sending email to: alifahfauziahhhhh@gmail.com
Error: Message failed: 554 5.7.1 Disabled by user from hPanel

[2024-10-10T00:37:34.562Z] Error sending email to: nurulauliaranianggita@gmail.com
Error: Message failed: 554 5.7.1 Disabled by user from hPanel

[2024-10-10T00:37:34.665Z] Error sending email to: nurulauliaranianggita@gmail.com
Error: Message failed: 554 5.7.1 Disabled by user from hPanel

[2024-10-10T00:37:34.695Z] Error sending email to: nurulauliaranianggita@gmail.com
Error: Message failed: 554 5.7.1 Disabled by user from hPanel

[2024-10-10T00:37:34.696Z] Error sending email to: nurulauliaranianggita@gmail.com
Error: Message failed: 554 5.7.1 Disabled by user from hPanel

[2024-10-10T00:38:29.761Z] Error sending email to: deakanigara@gmail.com
Error: Message failed: 554 5.7.1 Disabled by user from hPanel

[2024-10-10T00:40:04.604Z] Error sending email to: dianfdptr@gmail.com
Error: Message failed: 554 5.7.1 Disabled by user from hPanel

[2024-10-10T00:41:29.778Z] Error sending email to: dwifa90@gmail.com
Error: Message failed: 554 5.7.1 Disabled by user from hPanel

[2024-10-10T00:45:47.264Z] Error sending email to: eganurmagfirah@gmail.com
Error: Message failed: 554 5.7.1 Disabled by user from hPanel

[2024-10-10T00:47:24.275Z] Error sending email to: Elsamonicameideline@gmail.com
Error: Message failed: 554 5.7.1 Disabled by user from hPanel

[2024-10-10T00:48:45.738Z] Error sending email to: fadilahdils18@gmail.com
Error: Message failed: 554 5.7.1 Disabled by user from hPanel

[2024-10-10T00:50:26.273Z] Error sending email to: squadpalupi@gmail.com
Error: Message failed: 554 5.7.1 Disabled by user from hPanel

[2024-10-10T00:50:27.075Z] Error sending email to: squadpalupi@gmail.com
Error: Message failed: 554 5.7.1 Disabled by user from hPanel

[2024-10-10T00:52:56.989Z] Error sending email to: madondelumilia@gmail.com
Error: Message failed: 554 5.7.1 Disabled by user from hPanel

[2024-10-10T00:54:57.366Z] Error sending email to: fitriahfajarmaghfirah@gmail.com
Error: Message failed: 554 5.7.1 Disabled by user from hPanel

[2024-10-10T00:55:01.304Z] Error sending email to: fitriahfajarmaghfirah@gmail.com
Error: Message failed: 554 5.7.1 Disabled by user from hPanel

[2024-10-10T01:03:00.124Z] Error sending email to: fiayuniarilcham03@gmail.com
Error: Message failed: 554 5.7.1 Disabled by user from hPanel

[2024-10-10T01:03:00.141Z] Error sending email to: fiayuniarilcham03@gmail.com
Error: Message failed: 554 5.7.1 Disabled by user from hPanel

[2024-10-10T01:03:00.239Z] Error sending email to: fiayuniarilcham03@gmail.com
Error: Message failed: 554 5.7.1 Disabled by user from hPanel

[2024-10-10T01:04:04.684Z] Error sending email to: fiayuniarilcham03@gmail.com
Error: Message failed: 554 5.7.1 Disabled by user from hPanel

[2024-10-10T01:04:04.773Z] Error sending email to: fiayuniarilcham03@gmail.com
Error: Message failed: 554 5.7.1 Disabled by user from hPanel

[2024-10-10T01:04:04.997Z] Error sending email to: fiayuniarilcham03@gmail.com
Error: Message failed: 554 5.7.1 Disabled by user from hPanel

[2024-10-10T01:06:37.691Z] Error sending email to: desiananurulmarifat@gmail.com
Error: Message failed: 554 5.7.1 Disabled by user from hPanel

[2024-10-10T01:06:37.727Z] Error sending email to: desiananurulmarifat@gmail.com
Error: Message failed: 554 5.7.1 Disabled by user from hPanel

[2024-10-10T01:06:37.728Z] Error sending email to: desiananurulmarifat@gmail.com
Error: Message failed: 554 5.7.1 Disabled by user from hPanel

[2024-10-10T01:06:37.729Z] Error sending email to: desiananurulmarifat@gmail.com
Error: Message failed: 554 5.7.1 Disabled by user from hPanel

[2024-10-10T01:18:16.983Z] Error sending email to: tetenanditen@gmail.com
Error: Message failed: 554 5.7.1 Disabled by user from hPanel

[2024-10-10T01:18:16.994Z] Error sending email to: andikhaizurandanish@gmail.com
Error: Message failed: 554 5.7.1 Disabled by user from hPanel

[2024-10-10T02:17:51.975Z] Error sending email to: dewadhrm@gmail.com
Error: Message failed: 554 5.7.1 Disabled by user from hPanel

[2024-10-10T02:30:52.938Z] Error sending email to: noviaalapasiri@gmail.com
Error: Message failed: 554 5.7.1 Disabled by user from hPanel

[2024-10-10T02:32:41.435Z] Error sending email to: ifamusrifa444@gmail.com
Error: Message failed: 554 5.7.1 Disabled by user from hPanel

[2024-10-10T02:37:49.142Z] Error sending email to: anthiaryanti120@gmail.com
Error: Message failed: 554 5.7.1 Disabled by user from hPanel

[2024-10-10T03:20:33.699Z] Error sending email to: melindafenii@gmail.com
Error: Message failed: 554 5.7.1 Disabled by user from hPanel

[2024-10-10T03:24:17.241Z] Error sending email to: ganianur.gnr@gmail.com
Error: Message failed: 554 5.7.1 Disabled by user from hPanel

[2024-10-10T03:55:22.969Z] Error sending email to: raodhatuljanah28@gmail.com
Error: Message failed: 554 5.7.1 Disabled by user from hPanel

[2024-10-10T03:57:54.272Z] Error sending email to: afihnurafiah00@gmail.com
Error: Message failed: 554 5.7.1 Disabled by user from hPanel

[2024-10-10T03:57:54.427Z] Error sending email to: afihnurafiah00@gmail.com
Error: Message failed: 554 5.7.1 Disabled by user from hPanel

[2024-10-10T04:12:57.868Z] Error sending email to: yehezkieljonatha.pratama@gmail.com
Error: Message failed: 554 5.7.1 Disabled by user from hPanel

[2024-10-10T04:12:58.085Z] Error sending email to: marcellaseran9@gmail.com
Error: Message failed: 554 5.7.1 Disabled by user from hPanel

[2024-10-10T04:28:03.694Z] Error sending email to: nancysilondae@gmail.con
Error: Message failed: 554 5.7.1 Disabled by user from hPanel

[2024-10-10T04:30:57.911Z] Error sending email to: Retnopalupikhaerany@gmail.com
Error: Message failed: 554 5.7.1 Disabled by user from hPanel

[2024-10-10T04:32:57.104Z] Error sending email to: nancysilondae@gmail.com
Error: Message failed: 554 5.7.1 Disabled by user from hPanel

[2024-10-10T04:40:42.036Z] Error sending email to: anggunpuspita2003@gmail.com
Error: Message failed: 554 5.7.1 Disabled by user from hPanel

[2024-10-10T04:41:29.105Z] Error sending email to: anggunpuspita2003@gmail.com
Error: Message failed: 554 5.7.1 Disabled by user from hPanel

[2024-10-10T04:42:38.303Z] Error sending email to: tiaraiindahh05@gmail.com
Error: Message failed: 554 5.7.1 Disabled by user from hPanel

[2024-10-10T04:43:52.256Z] Error sending email to: maulydaaura27@gmail.com
Error: Message failed: 554 5.7.1 Disabled by user from hPanel

[2024-10-10T04:45:07.868Z] Error sending email to: mhmmdfaizz85@gmail.com
Error: Message failed: 554 5.7.1 Disabled by user from hPanel

[2024-10-10T04:48:26.290Z] Error sending email to: nurinayah2403@gmail.com
Error: Message failed: 554 5.7.1 Disabled by user from hPanel

[2024-10-10T04:54:10.780Z] Error sending email to: kezhiacherish08@gmail.com
Error: Message failed: 554 5.7.1 Disabled by user from hPanel

[2024-10-10T04:54:10.789Z] Error sending email to: kezhiacherish08@gmail.com
Error: Message failed: 554 5.7.1 Disabled by user from hPanel

[2024-10-10T04:54:10.806Z] Error sending email to: kezhiacherish08@gmail.com
Error: Message failed: 554 5.7.1 Disabled by user from hPanel

[2024-10-10T04:54:10.827Z] Error sending email to: kezhiacherish08@gmail.com
Error: Message failed: 554 5.7.1 Disabled by user from hPanel

[2024-10-10T04:54:10.925Z] Error sending email to: kezhiacherish08@gmail.com
Error: Message failed: 554 5.7.1 Disabled by user from hPanel

[2024-10-10T04:54:10.927Z] Error sending email to: kezhiacherish08@gmail.com
Error: Message failed: 554 5.7.1 Disabled by user from hPanel

[2024-10-10T04:54:10.928Z] Error sending email to: kezhiacherish08@gmail.com
Error: Message failed: 554 5.7.1 Disabled by user from hPanel

[2024-10-10T04:54:11.120Z] Error sending email to: kezhiacherish08@gmail.com
Error: Message failed: 554 5.7.1 Disabled by user from hPanel

[2024-10-10T04:55:22.792Z] Error sending email to: fara82552@gmail.com
Error: Message failed: 554 5.7.1 Disabled by user from hPanel

[2024-10-10T04:55:24.020Z] Error sending email to: fara82552@gmail.com
Error: Message failed: 554 5.7.1 Disabled by user from hPanel

[2024-10-10T04:55:24.106Z] Error sending email to: fara82552@gmail.com
Error: Message failed: 554 5.7.1 Disabled by user from hPanel

[2024-10-10T04:56:45.241Z] Error sending email to: tisyarizkiawalia@gmail.com
Error: Message failed: 554 5.7.1 Disabled by user from hPanel

[2024-10-10T04:56:45.545Z] Error sending email to: tisyarizkiawalia@gmail.com
Error: Message failed: 554 5.7.1 Disabled by user from hPanel

[2024-10-10T04:56:45.630Z] Error sending email to: tisyarizkiawalia@gmail.com
Error: Message failed: 554 5.7.1 Disabled by user from hPanel

[2024-10-10T04:58:40.555Z] Error sending email to: salsabina232@gmail.com
Error: Message failed: 554 5.7.1 Disabled by user from hPanel

[2024-10-10T04:58:41.390Z] Error sending email to: salsabina232@gmail.com
Error: Message failed: 554 5.7.1 Disabled by user from hPanel

[2024-10-10T05:03:13.786Z] Error sending email to: tutanggie@gmail.com
Error: Message failed: 554 5.7.1 Disabled by user from hPanel

[2024-10-10T05:04:34.527Z] Error sending email to: dindaauliasarkawi@gmail.com
Error: Message failed: 554 5.7.1 Disabled by user from hPanel

[2024-10-10T05:05:42.456Z] Error sending email to: taufikkurahman@gmail.com
Error: Message failed: 554 5.7.1 Disabled by user from hPanel

[2024-10-10T05:07:07.307Z] Error sending email to: Chrisheaven16@gmail.com
Error: Message failed: 554 5.7.1 Disabled by user from hPanel

[2024-10-10T05:07:07.356Z] Error sending email to: Chrisheaven16@gmail.com
Error: Message failed: 554 5.7.1 Disabled by user from hPanel

[2024-10-10T05:07:07.388Z] Error sending email to: Chrisheaven16@gmail.com
Error: Message failed: 554 5.7.1 Disabled by user from hPanel

[2024-10-10T05:07:07.490Z] Error sending email to: Chrisheaven16@gmail.com
Error: Message failed: 554 5.7.1 Disabled by user from hPanel

[2024-10-10T05:07:07.564Z] Error sending email to: Chrisheaven16@gmail.com
Error: Message failed: 554 5.7.1 Disabled by user from hPanel

[2024-10-10T05:07:07.665Z] Error sending email to: Chrisheaven16@gmail.com
Error: Message failed: 554 5.7.1 Disabled by user from hPanel

[2024-10-10T05:07:07.673Z] Error sending email to: Chrisheaven16@gmail.com
Error: Message failed: 554 5.7.1 Disabled by user from hPanel

[2024-10-10T05:07:07.769Z] Error sending email to: Chrisheaven16@gmail.com
Error: Message failed: 554 5.7.1 Disabled by user from hPanel

[2024-10-10T05:08:25.485Z] Error sending email to: keisyaputriarsusanti@gmail.com
Error: Message failed: 554 5.7.1 Disabled by user from hPanel

[2024-10-10T05:08:25.621Z] Error sending email to: keisyaputriarsusanti@gmail.com
Error: Message failed: 554 5.7.1 Disabled by user from hPanel

[2024-10-10T05:09:27.824Z] Error sending email to: andi.zahra502@sma.belajar.id
Error: Message failed: 554 5.7.1 Disabled by user from hPanel

[2024-10-10T05:10:20.529Z] Error sending email to: nawnasywa@gmail.com
Error: Message failed: 554 5.7.1 Disabled by user from hPanel

[2024-10-10T05:11:54.707Z] Error sending email to: ifyoul645@gmail.com
Error: Message failed: 554 5.7.1 Disabled by user from hPanel

[2024-10-10T05:12:53.082Z] Error sending email to: lailasyafila2@gmail.com
Error: Message failed: 554 5.7.1 Disabled by user from hPanel

[2024-10-10T05:13:46.180Z] Error sending email to: akhaaliss07@gmail.com
Error: Message failed: 554 5.7.1 Disabled by user from hPanel

[2024-10-10T05:15:20.096Z] Error sending email to: aqilaardhkzh@gmail.com
Error: Message failed: 554 5.7.1 Disabled by user from hPanel

[2024-10-10T05:15:20.144Z] Error sending email to: aqilaardhkzh@gmail.com
Error: Message failed: 554 5.7.1 Disabled by user from hPanel

[2024-10-10T05:20:00.134Z] Error sending email to: niluhanastasya@gmail.com
Error: Message failed: 554 5.7.1 Disabled by user from hPanel

[2024-10-10T05:20:01.260Z] Error sending email to: niluhanastasya@gmail.com
Error: Message failed: 554 5.7.1 Disabled by user from hPanel

[2024-10-10T05:22:12.851Z] Error sending email to: thiraalestari83@gmail.com
Error: Message failed: 554 5.7.1 Disabled by user from hPanel

[2024-10-10T05:22:13.040Z] Error sending email to: thiraalestari83@gmail.com
Error: Message failed: 554 5.7.1 Disabled by user from hPanel

[2024-10-10T05:23:40.055Z] Error sending email to: farahhhftsyh@gmail.com
Error: Message failed: 554 5.7.1 Disabled by user from hPanel

[2024-10-10T05:23:40.094Z] Error sending email to: farahhhftsyh@gmail.com
Error: Message failed: 554 5.7.1 Disabled by user from hPanel

[2024-10-10T05:23:40.160Z] Error sending email to: farahhhftsyh@gmail.com
Error: Message failed: 554 5.7.1 Disabled by user from hPanel

[2024-10-10T05:23:40.237Z] Error sending email to: farahhhftsyh@gmail.com
Error: Message failed: 554 5.7.1 Disabled by user from hPanel

[2024-10-10T05:25:10.443Z] Error sending email to: dededtaheded@gmail.com
Error: Message failed: 554 5.7.1 Disabled by user from hPanel

[2024-10-10T05:26:11.752Z] Error sending email to: alviravivin@gmail.com
Error: Message failed: 554 5.7.1 Disabled by user from hPanel

[2024-10-10T05:26:11.798Z] Error sending email to: alviravivin@gmail.com
Error: Message failed: 554 5.7.1 Disabled by user from hPanel

[2024-10-10T05:35:17.810Z] Error sending email to: Krisdayantiyakub110@gmail.com
Error: Message failed: 554 5.7.1 Disabled by user from hPanel

[2024-10-10T05:35:18.059Z] Error sending email to: mohreza@gmail.com
Error: Message failed: 554 5.7.1 Disabled by user from hPanel

[2024-10-10T05:35:18.483Z] Error sending email to: mohreza@gmail.com
Error: Message failed: 554 5.7.1 Disabled by user from hPanel

[2024-10-10T05:35:18.675Z] Error sending email to: mohreza@gmail.com
Error: Message failed: 554 5.7.1 Disabled by user from hPanel

[2024-10-10T05:35:18.883Z] Error sending email to: mohreza@gmail.com
Error: Message failed: 554 5.7.1 Disabled by user from hPanel

[2024-10-10T05:35:18.974Z] Error sending email to: mohreza@gmail.com
Error: Message failed: 554 5.7.1 Disabled by user from hPanel

[2024-10-10T05:36:18.052Z] Error sending email to: widyawatiii30@gmail.com
Error: Message failed: 554 5.7.1 Disabled by user from hPanel

[2024-10-10T05:37:59.370Z] Error sending email to: anchaabriansyah@gmail.com
Error: Message failed: 554 5.7.1 Disabled by user from hPanel

[2024-10-10T05:37:59.402Z] Error sending email to: anchaabriansyah@gmail.com
Error: Message failed: 554 5.7.1 Disabled by user from hPanel

[2024-10-10T05:37:59.519Z] Error sending email to: anchaabriansyah@gmail.com
Error: Message failed: 554 5.7.1 Disabled by user from hPanel

[2024-10-10T05:37:59.536Z] Error sending email to: anchaabriansyah@gmail.com
Error: Message failed: 554 5.7.1 Disabled by user from hPanel

[2024-10-10T05:37:59.537Z] Error sending email to: anchaabriansyah@gmail.com
Error: Message failed: 554 5.7.1 Disabled by user from hPanel

[2024-10-10T05:37:59.553Z] Error sending email to: anchaabriansyah@gmail.com
Error: Message failed: 554 5.7.1 Disabled by user from hPanel

[2024-10-10T05:37:59.586Z] Error sending email to: anchaabriansyah@gmail.com
Error: Message failed: 554 5.7.1 Disabled by user from hPanel

[2024-10-10T05:37:59.598Z] Error sending email to: anchaabriansyah@gmail.com
Error: Message failed: 554 5.7.1 Disabled by user from hPanel

[2024-10-10T05:37:59.769Z] Error sending email to: anchaabriansyah@gmail.com
Error: Message failed: 554 5.7.1 Disabled by user from hPanel

[2024-10-10T05:37:59.773Z] Error sending email to: anchaabriansyah@gmail.com
Error: Message failed: 554 5.7.1 Disabled by user from hPanel

[2024-10-10T05:39:35.708Z] Error sending email to: ranilamading2273@gmail.com
Error: Message failed: 554 5.7.1 Disabled by user from hPanel

[2024-10-10T05:40:46.448Z] Error sending email to: alandtodapa@gmail.com
Error: Message failed: 554 5.7.1 Disabled by user from hPanel

